[debug] [2023-12-21T06:48:22.575Z] ----------------------------------------------------------------------
[debug] [2023-12-21T06:48:22.576Z] Command:       C:\Program Files\nodejs\node.exe C:\Users\malek\AppData\Roaming\npm\node_modules\firebase-tools\lib\bin\firebase.js emulators:start
[debug] [2023-12-21T06:48:22.576Z] CLI Version:   13.0.2
[debug] [2023-12-21T06:48:22.576Z] Platform:      win32
[debug] [2023-12-21T06:48:22.577Z] Node Version:  v18.16.0
[debug] [2023-12-21T06:48:22.577Z] Time:          Thu Dec 21 2023 01:48:22 GMT-0500 (Eastern Standard Time)
[debug] [2023-12-21T06:48:22.577Z] ----------------------------------------------------------------------
[debug] 
[debug] [2023-12-21T06:48:22.646Z] > command requires scopes: ["email","openid","https://www.googleapis.com/auth/cloudplatformprojects.readonly","https://www.googleapis.com/auth/firebase","https://www.googleapis.com/auth/cloud-platform"]
[debug] [2023-12-21T06:48:22.647Z] > authorizing via signed-in user (malekabrar56@gmail.com)
[info] i  emulators: Starting emulators: functions, hosting {"metadata":{"emulator":{"name":"hub"},"message":"Starting emulators: functions, hosting"}}
[debug] [2023-12-21T06:48:22.657Z] [logging] Logging Emulator only supports listening on one address (127.0.0.1). Not listening on ::1
[debug] [2023-12-21T06:48:22.658Z] [hosting] Hosting Emulator only supports listening on one address (127.0.0.1). Not listening on ::1
[debug] [2023-12-21T06:48:22.658Z] assigned listening specs for emulators {"user":{"hub":[{"address":"127.0.0.1","family":"IPv4","port":4400},{"address":"::1","family":"IPv6","port":4400}],"ui":[{"address":"127.0.0.1","family":"IPv4","port":4000},{"address":"::1","family":"IPv6","port":4000}],"logging":[{"address":"127.0.0.1","family":"IPv4","port":4500}],"hosting":[{"address":"127.0.0.1","family":"IPv4","port":5000}]},"metadata":{"message":"assigned listening specs for emulators"}}
[debug] [2023-12-21T06:48:22.665Z] [hub] writing locator at C:\Users\malek\AppData\Local\Temp\hub-e-clone-9ab24.json
[debug] [2023-12-21T06:48:22.675Z] [functions] Functions Emulator only supports listening on one address (127.0.0.1). Not listening on ::1
[debug] [2023-12-21T06:48:22.676Z] [eventarc] Eventarc Emulator only supports listening on one address (127.0.0.1). Not listening on ::1
[debug] [2023-12-21T06:48:22.676Z] late-assigned ports for functions and eventarc emulators {"user":{"hub":[{"address":"127.0.0.1","family":"IPv4","port":4400},{"address":"::1","family":"IPv6","port":4400}],"ui":[{"address":"127.0.0.1","family":"IPv4","port":4000},{"address":"::1","family":"IPv6","port":4000}],"logging":[{"address":"127.0.0.1","family":"IPv4","port":4500}],"hosting":[{"address":"127.0.0.1","family":"IPv4","port":5000}],"functions":[{"address":"127.0.0.1","family":"IPv4","port":5001}],"eventarc":[{"address":"127.0.0.1","family":"IPv4","port":9299}]},"metadata":{"message":"late-assigned ports for functions and eventarc emulators"}}
[warn] !  functions: The following emulators are not running, calls to these services from the Functions emulator will affect production: auth, firestore, database, pubsub, storage {"metadata":{"emulator":{"name":"functions"},"message":"The following emulators are not running, calls to these services from the Functions emulator will affect production: \u001b[1mauth, firestore, database, pubsub, storage\u001b[22m"}}
[debug] [2023-12-21T06:48:22.679Z] defaultcredentials: writing to file C:\Users\malek\AppData\Roaming\firebase\malekabrar56_gmail_com_application_default_credentials.json
[debug] [2023-12-21T06:48:22.688Z] Setting GAC to C:\Users\malek\AppData\Roaming\firebase\malekabrar56_gmail_com_application_default_credentials.json {"metadata":{"emulator":{"name":"functions"},"message":"Setting GAC to C:\\Users\\malek\\AppData\\Roaming\\firebase\\malekabrar56_gmail_com_application_default_credentials.json"}}
[debug] [2023-12-21T06:48:22.689Z] >>> [apiv2][query] GET https://firebase.googleapis.com/v1beta1/projects/e-clone-9ab24/adminSdkConfig [none]
[debug] [2023-12-21T06:48:23.092Z] <<< [apiv2][status] GET https://firebase.googleapis.com/v1beta1/projects/e-clone-9ab24/adminSdkConfig 200
[debug] [2023-12-21T06:48:23.092Z] <<< [apiv2][body] GET https://firebase.googleapis.com/v1beta1/projects/e-clone-9ab24/adminSdkConfig {"projectId":"e-clone-9ab24","storageBucket":"e-clone-9ab24.appspot.com"}
[debug] [2023-12-21T06:48:23.105Z] >>> [apiv2][query] GET https://firebasehosting.googleapis.com/v1beta1/projects/e-clone-9ab24/sites 
[debug] [2023-12-21T06:48:23.936Z] <<< [apiv2][status] GET https://firebasehosting.googleapis.com/v1beta1/projects/e-clone-9ab24/sites 200
[debug] [2023-12-21T06:48:23.936Z] <<< [apiv2][body] GET https://firebasehosting.googleapis.com/v1beta1/projects/e-clone-9ab24/sites {"sites":[{"name":"projects/e-clone-9ab24/sites/e-clone-9ab24","defaultUrl":"https://e-clone-9ab24.web.app","appId":"1:190237684184:web:9724cddd9be41b959e02ad","type":"DEFAULT_SITE"}]}
[debug] [2023-12-21T06:48:23.936Z] >>> [apiv2][query] GET https://firebase.googleapis.com/v1beta1/projects/e-clone-9ab24/webApps/1:190237684184:web:9724cddd9be41b959e02ad/config [none]
[debug] [2023-12-21T06:48:24.458Z] <<< [apiv2][status] GET https://firebase.googleapis.com/v1beta1/projects/e-clone-9ab24/webApps/1:190237684184:web:9724cddd9be41b959e02ad/config 200
[debug] [2023-12-21T06:48:24.459Z] <<< [apiv2][body] GET https://firebase.googleapis.com/v1beta1/projects/e-clone-9ab24/webApps/1:190237684184:web:9724cddd9be41b959e02ad/config {"projectId":"e-clone-9ab24","appId":"1:190237684184:web:9724cddd9be41b959e02ad","storageBucket":"e-clone-9ab24.appspot.com","apiKey":"AIzaSyBn6Gdh07bZdNN6DDb6IN325DmjG7G_T00","authDomain":"e-clone-9ab24.firebaseapp.com","messagingSenderId":"190237684184","measurementId":"G-8MV4PWSLYT"}
[debug] [2023-12-21T06:48:24.465Z] >>> [apiv2][query] GET https://firebase.googleapis.com/v1beta1/projects/e-clone-9ab24 [none]
[debug] [2023-12-21T06:48:24.734Z] <<< [apiv2][status] GET https://firebase.googleapis.com/v1beta1/projects/e-clone-9ab24 200
[debug] [2023-12-21T06:48:24.735Z] <<< [apiv2][body] GET https://firebase.googleapis.com/v1beta1/projects/e-clone-9ab24 {"projectId":"e-clone-9ab24","projectNumber":"190237684184","displayName":"amazone-clone","name":"projects/e-clone-9ab24","resources":{"hostingSite":"e-clone-9ab24"},"state":"ACTIVE","etag":"1_1b98388f-e3a3-4805-858b-ec28c2a912d8"}
[info] i  hosting[e-clone-9ab24]: Serving hosting files from: build {"metadata":{"emulator":{"name":"hosting"},"message":"Serving hosting files from: \u001b[1mbuild\u001b[22m"}}
[info] +  hosting[e-clone-9ab24]: Local server: http://127.0.0.1:5000 {"metadata":{"emulator":{"name":"hosting"},"message":"Local server: \u001b[4m\u001b[1mhttp://127.0.0.1:5000\u001b[22m\u001b[24m"}}
[debug] [2023-12-21T06:48:24.752Z] Ignoring unsupported arg: auto_download {"metadata":{"emulator":{"name":"ui"},"message":"Ignoring unsupported arg: auto_download"}}
[debug] [2023-12-21T06:48:24.752Z] Ignoring unsupported arg: port {"metadata":{"emulator":{"name":"ui"},"message":"Ignoring unsupported arg: port"}}
[debug] [2023-12-21T06:48:24.752Z] Starting Emulator UI with command {"binary":"node","args":["C:\\Users\\malek\\.cache\\firebase\\emulators\\ui-v1.11.7\\server\\server.js"],"optionalArgs":[],"joinArgs":false} {"metadata":{"emulator":{"name":"ui"},"message":"Starting Emulator UI with command {\"binary\":\"node\",\"args\":[\"C:\\\\Users\\\\malek\\\\.cache\\\\firebase\\\\emulators\\\\ui-v1.11.7\\\\server\\\\server.js\"],\"optionalArgs\":[],\"joinArgs\":false}"}}
[info] i  ui: Emulator UI logging to ui-debug.log {"metadata":{"emulator":{"name":"ui"},"message":"Emulator UI logging to \u001b[1mui-debug.log\u001b[22m"}}
[debug] [2023-12-21T06:48:24.852Z] Web / API server started at 127.0.0.1:4000
 {"metadata":{"emulator":{"name":"ui"},"message":"Web / API server started at 127.0.0.1:4000\n"}}
[debug] [2023-12-21T06:48:24.853Z] Web / API server started at ::1:4000
 {"metadata":{"emulator":{"name":"ui"},"message":"Web / API server started at ::1:4000\n"}}
[info] i  functions: Watching "C:\Users\malek\Desktop\ReactJS\amazone\amazone-challenege\functions" for Cloud Functions... {"metadata":{"emulator":{"name":"functions"},"message":"Watching \"C:\\Users\\malek\\Desktop\\ReactJS\\amazone\\amazone-challenege\\functions\" for Cloud Functions..."}}
[debug] [2023-12-21T06:48:25.029Z] Validating nodejs source
[warn] !  functions: package.json indicates an outdated version of firebase-functions. Please upgrade using npm install --save firebase-functions@latest in your functions directory. 
[debug] [2023-12-21T06:48:26.253Z] > [functions] package.json contents: {
  "name": "functions",
  "description": "Cloud Functions for Firebase",
  "scripts": {
    "lint": "eslint .",
    "serve": "firebase emulators:start --only functions",
    "shell": "firebase functions:shell",
    "start": "npm run shell",
    "deploy": "firebase deploy --only functions",
    "logs": "firebase functions:log"
  },
  "engines": {
    "node": "18"
  },
  "main": "index.js",
  "dependencies": {
    "cors": "^2.8.5",
    "express": "^4.18.2",
    "firebase-admin": "^11.8.0",
    "firebase-functions": "^4.3.1",
    "stripe": "^13.5.0"
  },
  "devDependencies": {
    "eslint": "^8.15.0",
    "eslint-config-google": "^0.14.0",
    "firebase-functions-test": "^3.1.0"
  },
  "private": true
}
[debug] [2023-12-21T06:48:26.253Z] Building nodejs source
[debug] [2023-12-21T06:48:26.254Z] Failed to find version of module node: reached end of search path C:\Users\malek\Desktop\ReactJS\amazone\amazone-challenege\functions\node_modules
[info] +  functions: Using node@18 from host. 
[debug] [2023-12-21T06:48:26.255Z] Could not find functions.yaml. Must use http discovery
[debug] [2023-12-21T06:48:26.263Z] Found firebase-functions binary at 'C:\Users\malek\Desktop\ReactJS\amazone\amazone-challenege\functions\node_modules\.bin\firebase-functions'
[info] Serving at port 8324

[debug] [2023-12-21T06:48:26.909Z] Got response from /__/functions.yaml {"endpoints":{"api":{"platform":"gcfv1","availableMemoryMb":null,"timeoutSeconds":null,"minInstances":null,"maxInstances":null,"ingressSettings":null,"serviceAccountEmail":null,"vpc":null,"httpsTrigger":{},"entryPoint":"api"}},"specVersion":"v1alpha1","requiredAPIs":[]}
[info] shutdown requested via /__/quitquitquit

[info] +  functions: Loaded functions definitions from source: api. {"metadata":{"emulator":{"name":"functions"},"message":"Loaded functions definitions from source: api."}}
[info] +  functions[us-central1-api]: http function initialized (http://127.0.0.1:5001/e-clone-9ab24/us-central1/api). {"metadata":{"emulator":{"name":"functions"},"message":"\u001b[1mhttp\u001b[22m function initialized (http://127.0.0.1:5001/e-clone-9ab24/us-central1/api)."}}
[info] i  functions: Watching "C:\Users\malek\Desktop\ReactJS\amazone\amazone-challenege\codebase_test" for Cloud Functions... {"metadata":{"emulator":{"name":"functions"},"message":"Watching \"C:\\Users\\malek\\Desktop\\ReactJS\\amazone\\amazone-challenege\\codebase_test\" for Cloud Functions..."}}
[error] !!  functions: Failed to load function definition from source: FirebaseError: could not deploy functions because the "codebase_test" directory was not found. Please create it or specify a different source directory in firebase.json {"metadata":{"emulator":{"name":"functions"},"message":"Failed to load function definition from source: FirebaseError: could not deploy functions because the \u001b[1m\"codebase_test\"\u001b[22m directory was not found. Please create it or specify a different source directory in firebase.json"}}
[info] 
┌─────────────────────────────────────────────────────────────┐
│ ✔  All emulators ready! It is now safe to connect your app. │
│ i  View Emulator UI at http://127.0.0.1:4000/               │
└─────────────────────────────────────────────────────────────┘

┌───────────┬────────────────┬─────────────────────────────────┐
│ Emulator  │ Host:Port      │ View in Emulator UI             │
├───────────┼────────────────┼─────────────────────────────────┤
│ Functions │ 127.0.0.1:5001 │ http://127.0.0.1:4000/functions │
├───────────┼────────────────┼─────────────────────────────────┤
│ Hosting   │ 127.0.0.1:5000 │ n/a                             │
└───────────┴────────────────┴─────────────────────────────────┘
  Emulator Hub running at 127.0.0.1:4400
  Other reserved ports: 4500

Issues? Report them at https://github.com/firebase/firebase-tools/issues and attach the *-debug.log files.
 
[debug] [2023-12-21T06:50:45.847Z] [work-queue] {"queuedWork":["/e-clone-9ab24/us-central1/api/payments/create-2023-12-21T06:50:45.847Z"],"queueLength":1,"runningWork":[],"workRunningCount":0}
[debug] [2023-12-21T06:50:45.847Z] [work-queue] {"queuedWork":[],"queueLength":0,"runningWork":["/e-clone-9ab24/us-central1/api/payments/create-2023-12-21T06:50:45.847Z"],"workRunningCount":1}
[debug] [2023-12-21T06:50:45.848Z] Accepted request POST /e-clone-9ab24/us-central1/api/payments/create?total=26998 --> us-central1-api
[debug] [2023-12-21T06:50:45.850Z] [functions] Runtime ready! Sending request! {"metadata":{"emulator":{"name":"functions"},"message":"[functions] Runtime ready! Sending request!"}}
[debug] [2023-12-21T06:50:45.851Z] [functions] Got req.url=/e-clone-9ab24/us-central1/api/payments/create?total=26998, mapping to path=/payments/create?total=26998 {"metadata":{"emulator":{"name":"functions"},"message":"[functions] Got req.url=/e-clone-9ab24/us-central1/api/payments/create?total=26998, mapping to path=/payments/create?total=26998"}}
[debug] [2023-12-21T06:50:45.869Z] [worker-pool] addWorker(us-central1-api) {"metadata":{"emulator":{"name":"functions"},"message":"[worker-pool] addWorker(us-central1-api)"}}
[debug] [2023-12-21T06:50:45.870Z] [worker-pool] Adding worker with key us-central1-api, total=1 {"metadata":{"emulator":{"name":"functions"},"message":"[worker-pool] Adding worker with key us-central1-api, total=1"}}
[debug] [2023-12-21T06:50:45.872Z] [work-queue] {"queuedWork":["/e-clone-9ab24/us-central1/api/payments/create-2023-12-21T06:50:45.872Z"],"queueLength":1,"runningWork":["/e-clone-9ab24/us-central1/api/payments/create-2023-12-21T06:50:45.847Z"],"workRunningCount":1}
[debug] [2023-12-21T06:50:45.872Z] [work-queue] {"queuedWork":[],"queueLength":0,"runningWork":["/e-clone-9ab24/us-central1/api/payments/create-2023-12-21T06:50:45.847Z","/e-clone-9ab24/us-central1/api/payments/create-2023-12-21T06:50:45.872Z"],"workRunningCount":2}
[debug] [2023-12-21T06:50:45.872Z] Accepted request POST /e-clone-9ab24/us-central1/api/payments/create?total=26998 --> us-central1-api
[debug] [2023-12-21T06:50:45.874Z] [functions] Runtime ready! Sending request! {"metadata":{"emulator":{"name":"functions"},"message":"[functions] Runtime ready! Sending request!"}}
[debug] [2023-12-21T06:50:45.874Z] [functions] Got req.url=/e-clone-9ab24/us-central1/api/payments/create?total=26998, mapping to path=/payments/create?total=26998 {"metadata":{"emulator":{"name":"functions"},"message":"[functions] Got req.url=/e-clone-9ab24/us-central1/api/payments/create?total=26998, mapping to path=/payments/create?total=26998"}}
[debug] [2023-12-21T06:50:45.896Z] [worker-pool] addWorker(us-central1-api) {"metadata":{"emulator":{"name":"functions"},"message":"[worker-pool] addWorker(us-central1-api)"}}
[debug] [2023-12-21T06:50:45.896Z] [worker-pool] Adding worker with key us-central1-api, total=2 {"metadata":{"emulator":{"name":"functions"},"message":"[worker-pool] Adding worker with key us-central1-api, total=2"}}
[debug] [2023-12-21T06:50:46.786Z] [runtime-status] [38404] Resolved module firebase-admin {"declared":true,"installed":true,"version":"11.10.1","resolution":"C:\\Users\\malek\\Desktop\\ReactJS\\amazone\\amazone-challenege\\functions\\node_modules\\firebase-admin\\lib\\index.js"} {"metadata":{"emulator":{"name":"functions"},"function":{"name":"us-central1-api"},"extension":{},"message":"[runtime-status] [38404] Resolved module firebase-admin {\"declared\":true,\"installed\":true,\"version\":\"11.10.1\",\"resolution\":\"C:\\\\Users\\\\malek\\\\Desktop\\\\ReactJS\\\\amazone\\\\amazone-challenege\\\\functions\\\\node_modules\\\\firebase-admin\\\\lib\\\\index.js\"}"}}
[debug] [2023-12-21T06:50:46.786Z] [runtime-status] [78948] Resolved module firebase-admin {"declared":true,"installed":true,"version":"11.10.1","resolution":"C:\\Users\\malek\\Desktop\\ReactJS\\amazone\\amazone-challenege\\functions\\node_modules\\firebase-admin\\lib\\index.js"} {"metadata":{"emulator":{"name":"functions"},"function":{"name":"us-central1-api"},"extension":{},"message":"[runtime-status] [78948] Resolved module firebase-admin {\"declared\":true,\"installed\":true,\"version\":\"11.10.1\",\"resolution\":\"C:\\\\Users\\\\malek\\\\Desktop\\\\ReactJS\\\\amazone\\\\amazone-challenege\\\\functions\\\\node_modules\\\\firebase-admin\\\\lib\\\\index.js\"}"}}
[debug] [2023-12-21T06:50:46.787Z] [runtime-status] [38404] Resolved module firebase-functions {"declared":true,"installed":true,"version":"4.4.1","resolution":"C:\\Users\\malek\\Desktop\\ReactJS\\amazone\\amazone-challenege\\functions\\node_modules\\firebase-functions\\lib\\v1\\index.js"} {"metadata":{"emulator":{"name":"functions"},"function":{"name":"us-central1-api"},"extension":{},"message":"[runtime-status] [38404] Resolved module firebase-functions {\"declared\":true,\"installed\":true,\"version\":\"4.4.1\",\"resolution\":\"C:\\\\Users\\\\malek\\\\Desktop\\\\ReactJS\\\\amazone\\\\amazone-challenege\\\\functions\\\\node_modules\\\\firebase-functions\\\\lib\\\\v1\\\\index.js\"}"}}
[debug] [2023-12-21T06:50:46.787Z] [runtime-status] [78948] Resolved module firebase-functions {"declared":true,"installed":true,"version":"4.4.1","resolution":"C:\\Users\\malek\\Desktop\\ReactJS\\amazone\\amazone-challenege\\functions\\node_modules\\firebase-functions\\lib\\v1\\index.js"} {"metadata":{"emulator":{"name":"functions"},"function":{"name":"us-central1-api"},"extension":{},"message":"[runtime-status] [78948] Resolved module firebase-functions {\"declared\":true,\"installed\":true,\"version\":\"4.4.1\",\"resolution\":\"C:\\\\Users\\\\malek\\\\Desktop\\\\ReactJS\\\\amazone\\\\amazone-challenege\\\\functions\\\\node_modules\\\\firebase-functions\\\\lib\\\\v1\\\\index.js\"}"}}
[debug] [2023-12-21T06:50:46.787Z] [runtime-status] [38404] Outgoing network have been stubbed. [{"name":"http","status":"mocked"},{"name":"http","status":"mocked"},{"name":"https","status":"mocked"},{"name":"https","status":"mocked"},{"name":"net","status":"mocked"}] {"metadata":{"emulator":{"name":"functions"},"function":{"name":"us-central1-api"},"extension":{},"message":"[runtime-status] [38404] Outgoing network have been stubbed. [{\"name\":\"http\",\"status\":\"mocked\"},{\"name\":\"http\",\"status\":\"mocked\"},{\"name\":\"https\",\"status\":\"mocked\"},{\"name\":\"https\",\"status\":\"mocked\"},{\"name\":\"net\",\"status\":\"mocked\"}]"}}
[debug] [2023-12-21T06:50:46.787Z] [runtime-status] [78948] Outgoing network have been stubbed. [{"name":"http","status":"mocked"},{"name":"http","status":"mocked"},{"name":"https","status":"mocked"},{"name":"https","status":"mocked"},{"name":"net","status":"mocked"}] {"metadata":{"emulator":{"name":"functions"},"function":{"name":"us-central1-api"},"extension":{},"message":"[runtime-status] [78948] Outgoing network have been stubbed. [{\"name\":\"http\",\"status\":\"mocked\"},{\"name\":\"http\",\"status\":\"mocked\"},{\"name\":\"https\",\"status\":\"mocked\"},{\"name\":\"https\",\"status\":\"mocked\"},{\"name\":\"net\",\"status\":\"mocked\"}]"}}
[debug] [2023-12-21T06:50:46.788Z] [runtime-status] [38404] Resolved module firebase-functions {"declared":true,"installed":true,"version":"4.4.1","resolution":"C:\\Users\\malek\\Desktop\\ReactJS\\amazone\\amazone-challenege\\functions\\node_modules\\firebase-functions\\lib\\v1\\index.js"} {"metadata":{"emulator":{"name":"functions"},"function":{"name":"us-central1-api"},"extension":{},"message":"[runtime-status] [38404] Resolved module firebase-functions {\"declared\":true,\"installed\":true,\"version\":\"4.4.1\",\"resolution\":\"C:\\\\Users\\\\malek\\\\Desktop\\\\ReactJS\\\\amazone\\\\amazone-challenege\\\\functions\\\\node_modules\\\\firebase-functions\\\\lib\\\\v1\\\\index.js\"}"}}
[debug] [2023-12-21T06:50:46.788Z] [runtime-status] [78948] Resolved module firebase-functions {"declared":true,"installed":true,"version":"4.4.1","resolution":"C:\\Users\\malek\\Desktop\\ReactJS\\amazone\\amazone-challenege\\functions\\node_modules\\firebase-functions\\lib\\v1\\index.js"} {"metadata":{"emulator":{"name":"functions"},"function":{"name":"us-central1-api"},"extension":{},"message":"[runtime-status] [78948] Resolved module firebase-functions {\"declared\":true,\"installed\":true,\"version\":\"4.4.1\",\"resolution\":\"C:\\\\Users\\\\malek\\\\Desktop\\\\ReactJS\\\\amazone\\\\amazone-challenege\\\\functions\\\\node_modules\\\\firebase-functions\\\\lib\\\\v1\\\\index.js\"}"}}
[debug] [2023-12-21T06:50:46.974Z] [runtime-status] [78948] Checked functions.config() {"config":{}} {"metadata":{"emulator":{"name":"functions"},"function":{"name":"us-central1-api"},"extension":{},"message":"[runtime-status] [78948] Checked functions.config() {\"config\":{}}"}}
[debug] [2023-12-21T06:50:46.975Z] [runtime-status] [38404] Checked functions.config() {"config":{}} {"metadata":{"emulator":{"name":"functions"},"function":{"name":"us-central1-api"},"extension":{},"message":"[runtime-status] [38404] Checked functions.config() {\"config\":{}}"}}
[debug] [2023-12-21T06:50:46.975Z] [runtime-status] [38404] firebase-functions has been stubbed. {"functionsResolution":{"declared":true,"installed":true,"version":"4.4.1","resolution":"C:\\Users\\malek\\Desktop\\ReactJS\\amazone\\amazone-challenege\\functions\\node_modules\\firebase-functions\\lib\\v1\\index.js"}} {"metadata":{"emulator":{"name":"functions"},"function":{"name":"us-central1-api"},"extension":{},"message":"[runtime-status] [38404] firebase-functions has been stubbed. {\"functionsResolution\":{\"declared\":true,\"installed\":true,\"version\":\"4.4.1\",\"resolution\":\"C:\\\\Users\\\\malek\\\\Desktop\\\\ReactJS\\\\amazone\\\\amazone-challenege\\\\functions\\\\node_modules\\\\firebase-functions\\\\lib\\\\v1\\\\index.js\"}}"}}
[debug] [2023-12-21T06:50:46.975Z] [runtime-status] [78948] firebase-functions has been stubbed. {"functionsResolution":{"declared":true,"installed":true,"version":"4.4.1","resolution":"C:\\Users\\malek\\Desktop\\ReactJS\\amazone\\amazone-challenege\\functions\\node_modules\\firebase-functions\\lib\\v1\\index.js"}} {"metadata":{"emulator":{"name":"functions"},"function":{"name":"us-central1-api"},"extension":{},"message":"[runtime-status] [78948] firebase-functions has been stubbed. {\"functionsResolution\":{\"declared\":true,\"installed\":true,\"version\":\"4.4.1\",\"resolution\":\"C:\\\\Users\\\\malek\\\\Desktop\\\\ReactJS\\\\amazone\\\\amazone-challenege\\\\functions\\\\node_modules\\\\firebase-functions\\\\lib\\\\v1\\\\index.js\"}}"}}
[debug] [2023-12-21T06:50:46.975Z] [runtime-status] [78948] Resolved module firebase-functions {"declared":true,"installed":true,"version":"4.4.1","resolution":"C:\\Users\\malek\\Desktop\\ReactJS\\amazone\\amazone-challenege\\functions\\node_modules\\firebase-functions\\lib\\v1\\index.js"} {"metadata":{"emulator":{"name":"functions"},"function":{"name":"us-central1-api"},"extension":{},"message":"[runtime-status] [78948] Resolved module firebase-functions {\"declared\":true,\"installed\":true,\"version\":\"4.4.1\",\"resolution\":\"C:\\\\Users\\\\malek\\\\Desktop\\\\ReactJS\\\\amazone\\\\amazone-challenege\\\\functions\\\\node_modules\\\\firebase-functions\\\\lib\\\\v1\\\\index.js\"}"}}
[debug] [2023-12-21T06:50:46.976Z] [runtime-status] [38404] Resolved module firebase-functions {"declared":true,"installed":true,"version":"4.4.1","resolution":"C:\\Users\\malek\\Desktop\\ReactJS\\amazone\\amazone-challenege\\functions\\node_modules\\firebase-functions\\lib\\v1\\index.js"} {"metadata":{"emulator":{"name":"functions"},"function":{"name":"us-central1-api"},"extension":{},"message":"[runtime-status] [38404] Resolved module firebase-functions {\"declared\":true,\"installed\":true,\"version\":\"4.4.1\",\"resolution\":\"C:\\\\Users\\\\malek\\\\Desktop\\\\ReactJS\\\\amazone\\\\amazone-challenege\\\\functions\\\\node_modules\\\\firebase-functions\\\\lib\\\\v1\\\\index.js\"}"}}
[debug] [2023-12-21T06:50:46.978Z] [runtime-status] [78948] Resolved module firebase-admin {"declared":true,"installed":true,"version":"11.10.1","resolution":"C:\\Users\\malek\\Desktop\\ReactJS\\amazone\\amazone-challenege\\functions\\node_modules\\firebase-admin\\lib\\index.js"} {"metadata":{"emulator":{"name":"functions"},"function":{"name":"us-central1-api"},"extension":{},"message":"[runtime-status] [78948] Resolved module firebase-admin {\"declared\":true,\"installed\":true,\"version\":\"11.10.1\",\"resolution\":\"C:\\\\Users\\\\malek\\\\Desktop\\\\ReactJS\\\\amazone\\\\amazone-challenege\\\\functions\\\\node_modules\\\\firebase-admin\\\\lib\\\\index.js\"}"}}
[debug] [2023-12-21T06:50:46.978Z] [runtime-status] [38404] Resolved module firebase-admin {"declared":true,"installed":true,"version":"11.10.1","resolution":"C:\\Users\\malek\\Desktop\\ReactJS\\amazone\\amazone-challenege\\functions\\node_modules\\firebase-admin\\lib\\index.js"} {"metadata":{"emulator":{"name":"functions"},"function":{"name":"us-central1-api"},"extension":{},"message":"[runtime-status] [38404] Resolved module firebase-admin {\"declared\":true,\"installed\":true,\"version\":\"11.10.1\",\"resolution\":\"C:\\\\Users\\\\malek\\\\Desktop\\\\ReactJS\\\\amazone\\\\amazone-challenege\\\\functions\\\\node_modules\\\\firebase-admin\\\\lib\\\\index.js\"}"}}
[debug] [2023-12-21T06:50:46.984Z] [runtime-status] [38404] Resolved module firebase-functions {"declared":true,"installed":true,"version":"4.4.1","resolution":"C:\\Users\\malek\\Desktop\\ReactJS\\amazone\\amazone-challenege\\functions\\node_modules\\firebase-functions\\lib\\v1\\index.js"} {"metadata":{"emulator":{"name":"functions"},"function":{"name":"us-central1-api"},"extension":{},"message":"[runtime-status] [38404] Resolved module firebase-functions {\"declared\":true,\"installed\":true,\"version\":\"4.4.1\",\"resolution\":\"C:\\\\Users\\\\malek\\\\Desktop\\\\ReactJS\\\\amazone\\\\amazone-challenege\\\\functions\\\\node_modules\\\\firebase-functions\\\\lib\\\\v1\\\\index.js\"}"}}
[debug] [2023-12-21T06:50:46.984Z] [runtime-status] [78948] Resolved module firebase-functions {"declared":true,"installed":true,"version":"4.4.1","resolution":"C:\\Users\\malek\\Desktop\\ReactJS\\amazone\\amazone-challenege\\functions\\node_modules\\firebase-functions\\lib\\v1\\index.js"} {"metadata":{"emulator":{"name":"functions"},"function":{"name":"us-central1-api"},"extension":{},"message":"[runtime-status] [78948] Resolved module firebase-functions {\"declared\":true,\"installed\":true,\"version\":\"4.4.1\",\"resolution\":\"C:\\\\Users\\\\malek\\\\Desktop\\\\ReactJS\\\\amazone\\\\amazone-challenege\\\\functions\\\\node_modules\\\\firebase-functions\\\\lib\\\\v1\\\\index.js\"}"}}
[debug] [2023-12-21T06:50:46.984Z] [runtime-status] [78948] firebase-admin has been stubbed. {"adminResolution":{"declared":true,"installed":true,"version":"11.10.1","resolution":"C:\\Users\\malek\\Desktop\\ReactJS\\amazone\\amazone-challenege\\functions\\node_modules\\firebase-admin\\lib\\index.js"}} {"metadata":{"emulator":{"name":"functions"},"function":{"name":"us-central1-api"},"extension":{},"message":"[runtime-status] [78948] firebase-admin has been stubbed. {\"adminResolution\":{\"declared\":true,\"installed\":true,\"version\":\"11.10.1\",\"resolution\":\"C:\\\\Users\\\\malek\\\\Desktop\\\\ReactJS\\\\amazone\\\\amazone-challenege\\\\functions\\\\node_modules\\\\firebase-admin\\\\lib\\\\index.js\"}}"}}
[debug] [2023-12-21T06:50:46.984Z] [runtime-status] [38404] firebase-admin has been stubbed. {"adminResolution":{"declared":true,"installed":true,"version":"11.10.1","resolution":"C:\\Users\\malek\\Desktop\\ReactJS\\amazone\\amazone-challenege\\functions\\node_modules\\firebase-admin\\lib\\index.js"}} {"metadata":{"emulator":{"name":"functions"},"function":{"name":"us-central1-api"},"extension":{},"message":"[runtime-status] [38404] firebase-admin has been stubbed. {\"adminResolution\":{\"declared\":true,\"installed\":true,\"version\":\"11.10.1\",\"resolution\":\"C:\\\\Users\\\\malek\\\\Desktop\\\\ReactJS\\\\amazone\\\\amazone-challenege\\\\functions\\\\node_modules\\\\firebase-admin\\\\lib\\\\index.js\"}}"}}
[debug] [2023-12-21T06:50:47.126Z] [runtime-status] [38404] Functions runtime initialized. {"cwd":"C:\\Users\\malek\\Desktop\\ReactJS\\amazone\\amazone-challenege\\functions","node_version":"18.16.0"} {"metadata":{"emulator":{"name":"functions"},"function":{"name":"us-central1-api"},"extension":{},"message":"[runtime-status] [38404] Functions runtime initialized. {\"cwd\":\"C:\\\\Users\\\\malek\\\\Desktop\\\\ReactJS\\\\amazone\\\\amazone-challenege\\\\functions\",\"node_version\":\"18.16.0\"}"}}
[debug] [2023-12-21T06:50:47.126Z] [runtime-status] [78948] Functions runtime initialized. {"cwd":"C:\\Users\\malek\\Desktop\\ReactJS\\amazone\\amazone-challenege\\functions","node_version":"18.16.0"} {"metadata":{"emulator":{"name":"functions"},"function":{"name":"us-central1-api"},"extension":{},"message":"[runtime-status] [78948] Functions runtime initialized. {\"cwd\":\"C:\\\\Users\\\\malek\\\\Desktop\\\\ReactJS\\\\amazone\\\\amazone-challenege\\\\functions\",\"node_version\":\"18.16.0\"}"}}
[debug] [2023-12-21T06:50:47.126Z] [runtime-status] [78948] Listening to port: \\?\pipe\fire_emu_fdbc5cc01a021779 {"metadata":{"emulator":{"name":"functions"},"function":{"name":"us-central1-api"},"extension":{},"message":"[runtime-status] [78948] Listening to port: \\\\?\\pipe\\fire_emu_fdbc5cc01a021779"}}
[debug] [2023-12-21T06:50:47.126Z] [runtime-status] [38404] Listening to port: \\?\pipe\fire_emu_45ac6d184b32ffb8 {"metadata":{"emulator":{"name":"functions"},"function":{"name":"us-central1-api"},"extension":{},"message":"[runtime-status] [38404] Listening to port: \\\\?\\pipe\\fire_emu_45ac6d184b32ffb8"}}
[debug] [2023-12-21T06:50:47.201Z] [worker-us-central1-api-efbfc46b-11a2-46b6-a123-5a533489803a]: IDLE {"metadata":{"emulator":{"name":"functions"},"function":{"name":"us-central1-api"},"extension":{},"message":"[worker-us-central1-api-efbfc46b-11a2-46b6-a123-5a533489803a]: IDLE"}}
[debug] [2023-12-21T06:50:47.202Z] [worker-pool] submitRequest(triggerId=us-central1-api) {"metadata":{"emulator":{"name":"functions"},"message":"[worker-pool] submitRequest(triggerId=us-central1-api)"}}
[info] i  functions: Beginning execution of "us-central1-api" {"metadata":{"emulator":{"name":"functions"},"function":{"name":"us-central1-api"},"extension":{},"message":"Beginning execution of \"us-central1-api\""}}
[debug] [2023-12-21T06:50:47.203Z] [worker-us-central1-api-efbfc46b-11a2-46b6-a123-5a533489803a]: BUSY {"metadata":{"emulator":{"name":"functions"},"function":{"name":"us-central1-api"},"extension":{},"message":"[worker-us-central1-api-efbfc46b-11a2-46b6-a123-5a533489803a]: BUSY"}}
[debug] [2023-12-21T06:50:47.204Z] [worker-us-central1-api-cbc171b8-ebfd-4e9a-9d9b-20f67f559c63]: IDLE {"metadata":{"emulator":{"name":"functions"},"function":{"name":"us-central1-api"},"extension":{},"message":"[worker-us-central1-api-cbc171b8-ebfd-4e9a-9d9b-20f67f559c63]: IDLE"}}
[debug] [2023-12-21T06:50:47.204Z] [worker-pool] submitRequest(triggerId=us-central1-api) {"metadata":{"emulator":{"name":"functions"},"message":"[worker-pool] submitRequest(triggerId=us-central1-api)"}}
[info] i  functions: Beginning execution of "us-central1-api" {"metadata":{"emulator":{"name":"functions"},"function":{"name":"us-central1-api"},"extension":{},"message":"Beginning execution of \"us-central1-api\""}}
[debug] [2023-12-21T06:50:47.205Z] [worker-us-central1-api-cbc171b8-ebfd-4e9a-9d9b-20f67f559c63]: BUSY {"metadata":{"emulator":{"name":"functions"},"function":{"name":"us-central1-api"},"extension":{},"message":"[worker-us-central1-api-cbc171b8-ebfd-4e9a-9d9b-20f67f559c63]: BUSY"}}
[info] >  Payment req received 26998 {"user":"Payment req received 26998","metadata":{"emulator":{"name":"functions"},"function":{"name":"us-central1-api"},"extension":{},"message":"\u001b[90m> \u001b[39m Payment req received 26998"}}
[info] >  Payment req received 26998 {"user":"Payment req received 26998","metadata":{"emulator":{"name":"functions"},"function":{"name":"us-central1-api"},"extension":{},"message":"\u001b[90m> \u001b[39m Payment req received 26998"}}
[debug] [2023-12-21T06:50:47.745Z] Finishing up request with event=pause {"metadata":{"emulator":{"name":"functions"},"function":{"name":"us-central1-api"},"extension":{},"message":"Finishing up request with event=pause"}}
[info] i  functions: Finished "us-central1-api" in 542.043ms {"metadata":{"emulator":{"name":"functions"},"function":{"name":"us-central1-api"},"extension":{},"message":"Finished \"us-central1-api\" in 542.043ms"}}
[debug] [2023-12-21T06:50:47.745Z] [worker-us-central1-api-efbfc46b-11a2-46b6-a123-5a533489803a]: IDLE {"metadata":{"emulator":{"name":"functions"},"function":{"name":"us-central1-api"},"extension":{},"message":"[worker-us-central1-api-efbfc46b-11a2-46b6-a123-5a533489803a]: IDLE"}}
[debug] [2023-12-21T06:50:47.745Z] Finishing up request with event=finish {"metadata":{"emulator":{"name":"functions"},"function":{"name":"us-central1-api"},"extension":{},"message":"Finishing up request with event=finish"}}
[debug] [2023-12-21T06:50:47.745Z] Finishing up request with event=close {"metadata":{"emulator":{"name":"functions"},"function":{"name":"us-central1-api"},"extension":{},"message":"Finishing up request with event=close"}}
[debug] [2023-12-21T06:50:47.745Z] [work-queue] {"queuedWork":[],"queueLength":0,"runningWork":["/e-clone-9ab24/us-central1/api/payments/create-2023-12-21T06:50:45.872Z"],"workRunningCount":1}
[debug] [2023-12-21T06:50:48.053Z] Finishing up request with event=pause {"metadata":{"emulator":{"name":"functions"},"function":{"name":"us-central1-api"},"extension":{},"message":"Finishing up request with event=pause"}}
[info] i  functions: Finished "us-central1-api" in 848.1912ms {"metadata":{"emulator":{"name":"functions"},"function":{"name":"us-central1-api"},"extension":{},"message":"Finished \"us-central1-api\" in 848.1912ms"}}
[debug] [2023-12-21T06:50:48.053Z] [worker-us-central1-api-cbc171b8-ebfd-4e9a-9d9b-20f67f559c63]: IDLE {"metadata":{"emulator":{"name":"functions"},"function":{"name":"us-central1-api"},"extension":{},"message":"[worker-us-central1-api-cbc171b8-ebfd-4e9a-9d9b-20f67f559c63]: IDLE"}}
[debug] [2023-12-21T06:50:48.053Z] Finishing up request with event=finish {"metadata":{"emulator":{"name":"functions"},"function":{"name":"us-central1-api"},"extension":{},"message":"Finishing up request with event=finish"}}
[debug] [2023-12-21T06:50:48.053Z] Finishing up request with event=close {"metadata":{"emulator":{"name":"functions"},"function":{"name":"us-central1-api"},"extension":{},"message":"Finishing up request with event=close"}}
[debug] [2023-12-21T06:50:48.053Z] [work-queue] {"queuedWork":[],"queueLength":0,"runningWork":[],"workRunningCount":0}
[debug] [2024-07-06T20:20:24.739Z] ----------------------------------------------------------------------
[debug] [2024-07-06T20:20:24.746Z] Command:       C:\Program Files\nodejs\node.exe C:\Users\malek\AppData\Roaming\npm\node_modules\firebase-tools\lib\bin\firebase.js init
[debug] [2024-07-06T20:20:24.747Z] CLI Version:   13.0.2
[debug] [2024-07-06T20:20:24.747Z] Platform:      win32
[debug] [2024-07-06T20:20:24.747Z] Node Version:  v20.13.1
[debug] [2024-07-06T20:20:24.747Z] Time:          Sat Jul 06 2024 16:20:24 GMT-0400 (Eastern Daylight Saving Time)
[debug] [2024-07-06T20:20:24.747Z] ----------------------------------------------------------------------
[debug] 
[debug] [2024-07-06T20:20:24.750Z] >>> [apiv2][query] GET https://firebase-public.firebaseio.com/cli.json [none]
[debug] [2024-07-06T20:20:24.842Z] > command requires scopes: ["email","openid","https://www.googleapis.com/auth/cloudplatformprojects.readonly","https://www.googleapis.com/auth/firebase","https://www.googleapis.com/auth/cloud-platform"]
[debug] [2024-07-06T20:20:24.842Z] > authorizing via signed-in user (malekabrar56@gmail.com)
[info] 
     ######## #### ########  ######## ########     ###     ######  ########
     ##        ##  ##     ## ##       ##     ##  ##   ##  ##       ##
     ######    ##  ########  ######   ########  #########  ######  ######
     ##        ##  ##    ##  ##       ##     ## ##     ##       ## ##
     ##       #### ##     ## ######## ########  ##     ##  ######  ########

You're about to initialize a Firebase project in this directory:

  C:\Users\malek\Desktop\ReactJS\amazone\amazone-challenege

Before we get started, keep in mind:

  * You are initializing within an existing Firebase project directory

[debug] [2024-07-06T20:20:24.931Z] <<< [apiv2][status] GET https://firebase-public.firebaseio.com/cli.json 200
[debug] [2024-07-06T20:20:24.931Z] <<< [apiv2][body] GET https://firebase-public.firebaseio.com/cli.json {"cloudBuildErrorAfter":1594252800000,"cloudBuildWarnAfter":1590019200000,"defaultNode10After":1594252800000,"minVersion":"3.0.5","node8DeploysDisabledAfter":1613390400000,"node8RuntimeDisabledAfter":1615809600000,"node8WarnAfter":1600128000000}
[info] 
=== Project Setup
[info] 
[info] First, let's associate this project directory with a Firebase project.
[info] You can create multiple project aliases by running firebase use --add, 
[info] but for now we'll just set up a default project.
[info] 
[debug] [2024-07-06T20:22:59.551Z] Using project from CLI flag: e-clone-9ab24
[debug] [2024-07-06T20:22:59.552Z] > refreshing access token with scopes: []
[debug] [2024-07-06T20:22:59.553Z] >>> [apiv2][query] POST https://www.googleapis.com/oauth2/v3/token [none]
[debug] [2024-07-06T20:22:59.553Z] >>> [apiv2][body] POST https://www.googleapis.com/oauth2/v3/token [omitted]
[debug] [2024-07-06T20:22:59.658Z] <<< [apiv2][status] POST https://www.googleapis.com/oauth2/v3/token 400
[debug] [2024-07-06T20:22:59.658Z] <<< [apiv2][body] POST https://www.googleapis.com/oauth2/v3/token [omitted]
[debug] [2024-07-06T20:22:59.659Z] >>> [apiv2][query] GET https://firebase.googleapis.com/v1beta1/projects/e-clone-9ab24 [none]
[debug] [2024-07-06T20:22:59.835Z] <<< [apiv2][status] GET https://firebase.googleapis.com/v1beta1/projects/e-clone-9ab24 401
[debug] [2024-07-06T20:22:59.835Z] <<< [apiv2][body] GET https://firebase.googleapis.com/v1beta1/projects/e-clone-9ab24 {"error":{"code":401,"message":"Request had invalid authentication credentials. Expected OAuth 2 access token, login cookie or other valid authentication credential. See https://developers.google.com/identity/sign-in/web/devconsole-project.","status":"UNAUTHENTICATED"}}
[debug] [2024-07-06T20:22:59.835Z] HTTP Error: 401, Request had invalid authentication credentials. Expected OAuth 2 access token, login cookie or other valid authentication credential. See https://developers.google.com/identity/sign-in/web/devconsole-project.
[debug] [2024-07-06T20:22:59.925Z] FirebaseError: HTTP Error: 401, Request had invalid authentication credentials. Expected OAuth 2 access token, login cookie or other valid authentication credential. See https://developers.google.com/identity/sign-in/web/devconsole-project.
    at responseToError (C:\Users\malek\AppData\Roaming\npm\node_modules\firebase-tools\lib\responseToError.js:49:12)
    at RetryOperation._fn (C:\Users\malek\AppData\Roaming\npm\node_modules\firebase-tools\lib\apiv2.js:292:77)
    at process.processTicksAndRejections (node:internal/process/task_queues:95:5)
[error] 
[error] Error: Failed to get Firebase project e-clone-9ab24. Please make sure the project exists and your account has permission to access it.
